  GameManager.cpp
D:\1\1학기\Win32개인프로젝트\김수인\DifferenceGame\SUIN\GameManager.cpp(103,24): warning C4244: '인수': 'WPARAM'에서 'unsigned int'(으)로 변환하면서 데이터가 손실될 수 있습니다.
D:\1\1학기\Win32개인프로젝트\김수인\DifferenceGame\SUIN\GameManager.cpp(105,22): warning C4244: '인수': 'WPARAM'에서 'unsigned int'(으)로 변환하면서 데이터가 손실될 수 있습니다.
  InputSystem.cpp
  MainFeature.cpp
D:\1\1학기\Win32개인프로젝트\김수인\DifferenceGame\SUIN\MainFeature.cpp(103,37): warning C4244: '+=': 'ULONGLONG'에서 'int'(으)로 변환하면서 데이터가 손실될 수 있습니다.
D:\1\1학기\Win32개인프로젝트\김수인\DifferenceGame\SUIN\MainFeature.cpp(109,43): warning C4244: '인수': 'double'에서 'int'(으)로 변환하면서 데이터가 손실될 수 있습니다.
D:\1\1학기\Win32개인프로젝트\김수인\DifferenceGame\SUIN\MainFeature.cpp(110,43): warning C4244: '인수': 'double'에서 'int'(으)로 변환하면서 데이터가 손실될 수 있습니다.
D:\1\1학기\Win32개인프로젝트\김수인\DifferenceGame\SUIN\MainFeature.cpp(132,42): warning C4244: '+=': 'ULONGLONG'에서 'int'(으)로 변환하면서 데이터가 손실될 수 있습니다.
D:\1\1학기\Win32개인프로젝트\김수인\DifferenceGame\SUIN\MainFeature.cpp(190,33): warning C4244: '+=': 'ULONGLONG'에서 'int'(으)로 변환하면서 데이터가 손실될 수 있습니다.
  Music.cpp
  RenderSystem.cpp
  ScreenManager.cpp
D:\1\1학기\Win32개인프로젝트\김수인\DifferenceGame\SUIN\ScreenManager.cpp(34,15): warning C4244: '+=': 'ULONGLONG'에서 'int'(으)로 변환하면서 데이터가 손실될 수 있습니다.
D:\1\1학기\Win32개인프로젝트\김수인\DifferenceGame\SUIN\ScreenManager.cpp(35,17): warning C4244: '+=': 'ULONGLONG'에서 'int'(으)로 변환하면서 데이터가 손실될 수 있습니다.
D:\1\1학기\Win32개인프로젝트\김수인\DifferenceGame\SUIN\ScreenManager.cpp(36,17): warning C4244: '+=': 'ULONGLONG'에서 'int'(으)로 변환하면서 데이터가 손실될 수 있습니다.
D:\1\1학기\Win32개인프로젝트\김수인\DifferenceGame\SUIN\ScreenManager.cpp(92,82): warning C4244: '인수': 'double'에서 'int'(으)로 변환하면서 데이터가 손실될 수 있습니다.
D:\1\1학기\Win32개인프로젝트\김수인\DifferenceGame\SUIN\ScreenManager.cpp(92,50): warning C4244: '인수': 'double'에서 'int'(으)로 변환하면서 데이터가 손실될 수 있습니다.
  SUIN.cpp
  TimeSystem.cpp
D:\1\1학기\Win32개인프로젝트\김수인\DifferenceGame\SUIN\TimeSystem.cpp(49,62): warning C4244: '=': 'LONGLONG'에서 'float'(으)로 변환하면서 데이터가 손실될 수 있습니다.
  util.cpp
D:\1\1학기\Win32개인프로젝트\김수인\DifferenceGame\SUIN\util.cpp(22,34): warning C4267: '+=': 'size_t'에서 'int'(으)로 변환하면서 데이터가 손실될 수 있습니다.
D:\1\1학기\Win32개인프로젝트\김수인\DifferenceGame\SUIN\util.cpp(29,35): warning C4267: '+=': 'size_t'에서 'int'(으)로 변환하면서 데이터가 손실될 수 있습니다.
  코드를 생성하고 있습니다.
  114 of 114 functions (100.0%) were compiled.
    18 functions were new in current compilation
    0 functions had inline decision re-evaluated but remain unchanged
  코드를 생성했습니다.
  SUIN.vcxproj -> D:\1\1학기\Win32개인프로젝트\김수인\DifferenceGame\x64\Release\SUIN.exe
