  GameManager.cpp
  InputSystem.cpp
C:\Users\su96i\Documents\GitHub\DifferenceGame\SUIN\GameManager.cpp(111,24): warning C4244: '인수': 'WPARAM'에서 'unsigned int'(으)로 변환하면서 데이터가 손실될 수 있습니다.
C:\Users\su96i\Documents\GitHub\DifferenceGame\SUIN\GameManager.cpp(113,22): warning C4244: '인수': 'WPARAM'에서 'unsigned int'(으)로 변환하면서 데이터가 손실될 수 있습니다.
  MainFeature.cpp
C:\Users\su96i\Documents\GitHub\DifferenceGame\SUIN\MainFeature.cpp(88,37): warning C4244: '+=': 'ULONGLONG'에서 'int'(으)로 변환하면서 데이터가 손실될 수 있습니다.
C:\Users\su96i\Documents\GitHub\DifferenceGame\SUIN\MainFeature.cpp(142,33): warning C4244: '+=': 'ULONGLONG'에서 'int'(으)로 변환하면서 데이터가 손실될 수 있습니다.
  Music.cpp
  RenderSystem.cpp
  ScreenManager.cpp
C:\Users\su96i\Documents\GitHub\DifferenceGame\SUIN\ScreenManager.cpp(30,15): warning C4244: '+=': 'ULONGLONG'에서 'int'(으)로 변환하면서 데이터가 손실될 수 있습니다.
C:\Users\su96i\Documents\GitHub\DifferenceGame\SUIN\ScreenManager.cpp(31,17): warning C4244: '+=': 'ULONGLONG'에서 'int'(으)로 변환하면서 데이터가 손실될 수 있습니다.
C:\Users\su96i\Documents\GitHub\DifferenceGame\SUIN\ScreenManager.cpp(32,17): warning C4244: '+=': 'ULONGLONG'에서 'int'(으)로 변환하면서 데이터가 손실될 수 있습니다.
  SUIN.cpp
  TimeSystem.cpp
C:\Users\su96i\Documents\GitHub\DifferenceGame\SUIN\TimeSystem.cpp(53,62): warning C4244: '=': 'LONGLONG'에서 'float'(으)로 변환하면서 데이터가 손실될 수 있습니다.
  util.cpp
C:\Users\su96i\Documents\GitHub\DifferenceGame\SUIN\util.cpp(26,34): warning C4267: '+=': 'size_t'에서 'int'(으)로 변환하면서 데이터가 손실될 수 있습니다.
C:\Users\su96i\Documents\GitHub\DifferenceGame\SUIN\util.cpp(36,35): warning C4267: '+=': 'size_t'에서 'int'(으)로 변환하면서 데이터가 손실될 수 있습니다.
  코드를 생성하고 있습니다...
  LINK : C:\Users\su96i\Documents\GitHub\DifferenceGame\x64\Debug\SUIN.exe을(를) 찾을 수 없거나 마지막 증분 링크에 의해 빌드되지 않았습니다. 전체 링크를 수행하고 있습니다.
  SUIN.vcxproj -> C:\Users\su96i\Documents\GitHub\DifferenceGame\x64\Debug\SUIN.exe
